[0.042s] Invoking command in '/home/naivoder/bumperbot_ws/build/bumperbot_description': CMAKE_PREFIX_PATH=${CMAKE_PREFIX_PATH}:/home/naivoder/bumperbot_ws/install/bumperbot_py_example:/opt/ros/iron /usr/bin/cmake /home/naivoder/bumperbot_ws/src/bumperbot_description -DCMAKE_INSTALL_PREFIX=/home/naivoder/bumperbot_ws/install/bumperbot_description
[0.189s] -- The C compiler identification is GNU 11.4.0
[0.275s] -- The CXX compiler identification is GNU 11.4.0
[0.286s] -- Detecting C compiler ABI info
[0.367s] -- Detecting C compiler ABI info - done
[0.372s] -- Check for working C compiler: /usr/bin/cc - skipped
[0.373s] -- Detecting C compile features
[0.374s] -- Detecting C compile features - done
[0.377s] -- Detecting CXX compiler ABI info
[0.437s] -- Detecting CXX compiler ABI info - done
[0.443s] -- Check for working CXX compiler: /usr/bin/c++ - skipped
[0.443s] -- Detecting CXX compile features
[0.443s] -- Detecting CXX compile features - done
[0.454s] -- Found ament_cmake: 2.0.5 (/opt/ros/iron/share/ament_cmake/cmake)
[0.568s] -- Found Python3: /usr/bin/python3.10 (found version "3.10.12") found components: Interpreter 
[0.651s] -- Found ament_lint_auto: 0.14.3 (/opt/ros/iron/share/ament_lint_auto/cmake)
[0.702s] -- Added test 'lint_cmake' to check CMake code style
[0.703s] -- Added test 'xmllint' to check XML markup files
[0.705s] -- Configuring done
[0.706s] -- Generating done
[0.707s] -- Build files have been written to: /home/naivoder/bumperbot_ws/build/bumperbot_description
[0.710s] Invoked command in '/home/naivoder/bumperbot_ws/build/bumperbot_description' returned '0': CMAKE_PREFIX_PATH=${CMAKE_PREFIX_PATH}:/home/naivoder/bumperbot_ws/install/bumperbot_py_example:/opt/ros/iron /usr/bin/cmake /home/naivoder/bumperbot_ws/src/bumperbot_description -DCMAKE_INSTALL_PREFIX=/home/naivoder/bumperbot_ws/install/bumperbot_description
[0.712s] Invoking command in '/home/naivoder/bumperbot_ws/build/bumperbot_description': CMAKE_PREFIX_PATH=${CMAKE_PREFIX_PATH}:/home/naivoder/bumperbot_ws/install/bumperbot_py_example:/opt/ros/iron /usr/bin/cmake --build /home/naivoder/bumperbot_ws/build/bumperbot_description -- -j8 -l8
[0.741s] Invoked command in '/home/naivoder/bumperbot_ws/build/bumperbot_description' returned '0': CMAKE_PREFIX_PATH=${CMAKE_PREFIX_PATH}:/home/naivoder/bumperbot_ws/install/bumperbot_py_example:/opt/ros/iron /usr/bin/cmake --build /home/naivoder/bumperbot_ws/build/bumperbot_description -- -j8 -l8
[0.755s] Invoking command in '/home/naivoder/bumperbot_ws/build/bumperbot_description': CMAKE_PREFIX_PATH=${CMAKE_PREFIX_PATH}:/home/naivoder/bumperbot_ws/install/bumperbot_py_example:/opt/ros/iron /usr/bin/cmake --install /home/naivoder/bumperbot_ws/build/bumperbot_description
[0.759s] -- Install configuration: ""
[0.759s] -- Installing: /home/naivoder/bumperbot_ws/install/bumperbot_description/share/ament_index/resource_index/package_run_dependencies/bumperbot_description
[0.759s] -- Installing: /home/naivoder/bumperbot_ws/install/bumperbot_description/share/ament_index/resource_index/parent_prefix_path/bumperbot_description
[0.759s] -- Installing: /home/naivoder/bumperbot_ws/install/bumperbot_description/share/bumperbot_description/environment/ament_prefix_path.sh
[0.759s] -- Installing: /home/naivoder/bumperbot_ws/install/bumperbot_description/share/bumperbot_description/environment/ament_prefix_path.dsv
[0.760s] -- Installing: /home/naivoder/bumperbot_ws/install/bumperbot_description/share/bumperbot_description/environment/path.sh
[0.760s] -- Installing: /home/naivoder/bumperbot_ws/install/bumperbot_description/share/bumperbot_description/environment/path.dsv
[0.760s] -- Installing: /home/naivoder/bumperbot_ws/install/bumperbot_description/share/bumperbot_description/local_setup.bash
[0.760s] -- Installing: /home/naivoder/bumperbot_ws/install/bumperbot_description/share/bumperbot_description/local_setup.sh
[0.760s] -- Installing: /home/naivoder/bumperbot_ws/install/bumperbot_description/share/bumperbot_description/local_setup.zsh
[0.760s] -- Installing: /home/naivoder/bumperbot_ws/install/bumperbot_description/share/bumperbot_description/local_setup.dsv
[0.760s] -- Installing: /home/naivoder/bumperbot_ws/install/bumperbot_description/share/bumperbot_description/package.dsv
[0.760s] -- Installing: /home/naivoder/bumperbot_ws/install/bumperbot_description/share/ament_index/resource_index/packages/bumperbot_description
[0.760s] -- Installing: /home/naivoder/bumperbot_ws/install/bumperbot_description/share/bumperbot_description/cmake/bumperbot_descriptionConfig.cmake
[0.761s] -- Installing: /home/naivoder/bumperbot_ws/install/bumperbot_description/share/bumperbot_description/cmake/bumperbot_descriptionConfig-version.cmake
[0.761s] -- Installing: /home/naivoder/bumperbot_ws/install/bumperbot_description/share/bumperbot_description/package.xml
[0.762s] Invoked command in '/home/naivoder/bumperbot_ws/build/bumperbot_description' returned '0': CMAKE_PREFIX_PATH=${CMAKE_PREFIX_PATH}:/home/naivoder/bumperbot_ws/install/bumperbot_py_example:/opt/ros/iron /usr/bin/cmake --install /home/naivoder/bumperbot_ws/build/bumperbot_description
