[0.338s] Invoking command in '/home/naivoder/bumperbot_ws/src/bumperbot_py_example': PYTHONPATH=/home/naivoder/bumperbot_ws/build/bumperbot_py_example/prefix_override:/home/naivoder/bumperbot_ws/install/bumperbot_py_example/lib/python3.10/site-packages:${PYTHONPATH} /usr/bin/python3 -W ignore:setup.py install is deprecated setup.py egg_info --egg-base ../../build/bumperbot_py_example build --build-base /home/naivoder/bumperbot_ws/build/bumperbot_py_example/build install --record /home/naivoder/bumperbot_ws/build/bumperbot_py_example/install.log --single-version-externally-managed install_data
[0.515s] running egg_info
[0.516s] writing ../../build/bumperbot_py_example/bumperbot_py_example.egg-info/PKG-INFO
[0.516s] writing dependency_links to ../../build/bumperbot_py_example/bumperbot_py_example.egg-info/dependency_links.txt
[0.516s] writing entry points to ../../build/bumperbot_py_example/bumperbot_py_example.egg-info/entry_points.txt
[0.516s] writing requirements to ../../build/bumperbot_py_example/bumperbot_py_example.egg-info/requires.txt
[0.517s] writing top-level names to ../../build/bumperbot_py_example/bumperbot_py_example.egg-info/top_level.txt
[0.518s] reading manifest file '../../build/bumperbot_py_example/bumperbot_py_example.egg-info/SOURCES.txt'
[0.518s] writing manifest file '../../build/bumperbot_py_example/bumperbot_py_example.egg-info/SOURCES.txt'
[0.518s] running build
[0.519s] running build_py
[0.519s] running install
[0.519s] running install_lib
[0.520s] running install_data
[0.520s] running install_egg_info
[0.521s] removing '/home/naivoder/bumperbot_ws/install/bumperbot_py_example/lib/python3.10/site-packages/bumperbot_py_example-0.0.0-py3.10.egg-info' (and everything under it)
[0.521s] Copying ../../build/bumperbot_py_example/bumperbot_py_example.egg-info to /home/naivoder/bumperbot_ws/install/bumperbot_py_example/lib/python3.10/site-packages/bumperbot_py_example-0.0.0-py3.10.egg-info
[0.521s] running install_scripts
[0.533s] Installing simple_publisher script to /home/naivoder/bumperbot_ws/install/bumperbot_py_example/lib/bumperbot_py_example
[0.535s] writing list of installed files to '/home/naivoder/bumperbot_ws/build/bumperbot_py_example/install.log'
[0.551s] Invoked command in '/home/naivoder/bumperbot_ws/src/bumperbot_py_example' returned '0': PYTHONPATH=/home/naivoder/bumperbot_ws/build/bumperbot_py_example/prefix_override:/home/naivoder/bumperbot_ws/install/bumperbot_py_example/lib/python3.10/site-packages:${PYTHONPATH} /usr/bin/python3 -W ignore:setup.py install is deprecated setup.py egg_info --egg-base ../../build/bumperbot_py_example build --build-base /home/naivoder/bumperbot_ws/build/bumperbot_py_example/build install --record /home/naivoder/bumperbot_ws/build/bumperbot_py_example/install.log --single-version-externally-managed install_data
