[0.015s] Invoking command in '/home/naivoder/bumperbot_ws/build/bumperbot_cpp_example': CMAKE_PREFIX_PATH=${CMAKE_PREFIX_PATH}:/home/naivoder/bumperbot_ws/install/bumperbot_py_example:/opt/ros/iron /usr/bin/cmake --build /home/naivoder/bumperbot_ws/build/bumperbot_cpp_example -- -j8 -l8
[0.160s] Invoked command in '/home/naivoder/bumperbot_ws/build/bumperbot_cpp_example' returned '0': CMAKE_PREFIX_PATH=${CMAKE_PREFIX_PATH}:/home/naivoder/bumperbot_ws/install/bumperbot_py_example:/opt/ros/iron /usr/bin/cmake --build /home/naivoder/bumperbot_ws/build/bumperbot_cpp_example -- -j8 -l8
[0.179s] Invoking command in '/home/naivoder/bumperbot_ws/build/bumperbot_cpp_example': CMAKE_PREFIX_PATH=${CMAKE_PREFIX_PATH}:/home/naivoder/bumperbot_ws/install/bumperbot_py_example:/opt/ros/iron /usr/bin/cmake --install /home/naivoder/bumperbot_ws/build/bumperbot_cpp_example
[0.183s] -- Install configuration: ""
[0.183s] -- Up-to-date: /home/naivoder/bumperbot_ws/install/bumperbot_cpp_example/share/ament_index/resource_index/package_run_dependencies/bumperbot_cpp_example
[0.183s] -- Up-to-date: /home/naivoder/bumperbot_ws/install/bumperbot_cpp_example/share/ament_index/resource_index/parent_prefix_path/bumperbot_cpp_example
[0.183s] -- Up-to-date: /home/naivoder/bumperbot_ws/install/bumperbot_cpp_example/share/bumperbot_cpp_example/environment/ament_prefix_path.sh
[0.184s] -- Up-to-date: /home/naivoder/bumperbot_ws/install/bumperbot_cpp_example/share/bumperbot_cpp_example/environment/ament_prefix_path.dsv
[0.184s] -- Up-to-date: /home/naivoder/bumperbot_ws/install/bumperbot_cpp_example/share/bumperbot_cpp_example/environment/path.sh
[0.184s] -- Up-to-date: /home/naivoder/bumperbot_ws/install/bumperbot_cpp_example/share/bumperbot_cpp_example/environment/path.dsv
[0.184s] -- Up-to-date: /home/naivoder/bumperbot_ws/install/bumperbot_cpp_example/share/bumperbot_cpp_example/local_setup.bash
[0.184s] -- Up-to-date: /home/naivoder/bumperbot_ws/install/bumperbot_cpp_example/share/bumperbot_cpp_example/local_setup.sh
[0.184s] -- Up-to-date: /home/naivoder/bumperbot_ws/install/bumperbot_cpp_example/share/bumperbot_cpp_example/local_setup.zsh
[0.184s] -- Up-to-date: /home/naivoder/bumperbot_ws/install/bumperbot_cpp_example/share/bumperbot_cpp_example/local_setup.dsv
[0.184s] -- Installing: /home/naivoder/bumperbot_ws/install/bumperbot_cpp_example/share/bumperbot_cpp_example/package.dsv
[0.184s] -- Up-to-date: /home/naivoder/bumperbot_ws/install/bumperbot_cpp_example/share/ament_index/resource_index/packages/bumperbot_cpp_example
[0.184s] -- Up-to-date: /home/naivoder/bumperbot_ws/install/bumperbot_cpp_example/share/bumperbot_cpp_example/cmake/bumperbot_cpp_exampleConfig.cmake
[0.184s] -- Up-to-date: /home/naivoder/bumperbot_ws/install/bumperbot_cpp_example/share/bumperbot_cpp_example/cmake/bumperbot_cpp_exampleConfig-version.cmake
[0.184s] -- Up-to-date: /home/naivoder/bumperbot_ws/install/bumperbot_cpp_example/share/bumperbot_cpp_example/package.xml
[0.185s] Invoked command in '/home/naivoder/bumperbot_ws/build/bumperbot_cpp_example' returned '0': CMAKE_PREFIX_PATH=${CMAKE_PREFIX_PATH}:/home/naivoder/bumperbot_ws/install/bumperbot_py_example:/opt/ros/iron /usr/bin/cmake --install /home/naivoder/bumperbot_ws/build/bumperbot_cpp_example
